* using log directory 'C:/Users/npjes/Documents/GitHub/ICRhelpR/ICRhelpR.Rcheck'
* using R version 4.3.2 (2023-10-31 ucrt)
* using platform: x86_64-w64-mingw32 (64-bit)
* R was compiled by
    gcc.exe (GCC) 12.3.0
    GNU Fortran (GCC) 12.3.0
* running under: Windows 11 x64 (build 26100)
* using session charset: UTF-8
* using options '--no-manual --as-cran'
* checking for file 'ICRhelpR/DESCRIPTION' ... OK
* checking extension type ... Package
* this is package 'ICRhelpR' version '0.1.0'
* package encoding: UTF-8
* checking package namespace information ... OK
* checking package dependencies ... OK
* checking if this is a source package ... OK
* checking if there is a namespace ... OK
* checking for executable files ... OK
* checking for hidden files and directories ... OK
* checking for portable file names ... OK
* checking serialization versions ... OK
* checking whether package 'ICRhelpR' can be installed ... WARNING
Found the following significant warnings:
  Warning: lacy_riffe_calc.Rd:20: unexpected section header '\value'
  Warning: lacy_riffe_calc.Rd:23: unexpected section header '\description'
  Warning: lacy_riffe_calc.Rd:31: unexpected section header '\examples'
  Warning: lacy_riffe_calc.Rd:36: unexpected END_OF_INPUT '
  Warning: standard_error.Rd:12: unexpected section header '\value'
  Warning: standard_error.Rd:15: unexpected section header '\description'
  Warning: standard_error.Rd:19: unexpected section header '\examples'
  Warning: standard_error.Rd:22: unexpected END_OF_INPUT '
See 'C:/Users/npjes/Documents/GitHub/ICRhelpR/ICRhelpR.Rcheck/00install.out' for details.
* checking installed package size ... OK
* checking package directory ... OK
* checking for future file timestamps ... OK
* checking DESCRIPTION meta-information ... NOTE
Malformed Description field: should contain one or more complete sentences.
* checking top-level files ... OK
* checking for left-over files ... OK
* checking index information ... OK
* checking package subdirectories ... OK
* checking R files for non-ASCII characters ... OK
* checking R files for syntax errors ... OK
* checking whether the package can be loaded ... OK
* checking whether the package can be loaded with stated dependencies ... OK
* checking whether the package can be unloaded cleanly ... OK
* checking whether the namespace can be loaded with stated dependencies ... OK
* checking whether the namespace can be unloaded cleanly ... OK
* checking loading without being on the library search path ... OK
* checking dependencies in R code ... OK
* checking S3 generic/method consistency ... OK
* checking replacement functions ... OK
* checking foreign function calls ... OK
* checking R code for possible problems ... NOTE
standard_error: no visible global function definition for 'qnorm'
Undefined global functions or variables:
  qnorm
Consider adding
  importFrom("stats", "qnorm")
to your NAMESPACE file.
* checking Rd files ... WARNING
prepare_Rd: lacy_riffe_calc.Rd:20: unexpected section header '\value'
prepare_Rd: lacy_riffe_calc.Rd:23: unexpected section header '\description'
prepare_Rd: lacy_riffe_calc.Rd:31: unexpected section header '\examples'
prepare_Rd: lacy_riffe_calc.Rd:36: unexpected END_OF_INPUT '
'
checkRd: (5) lacy_riffe_calc.Rd:0-37: Must have a \description
prepare_Rd: standard_error.Rd:12: unexpected section header '\value'
prepare_Rd: standard_error.Rd:15: unexpected section header '\description'
prepare_Rd: standard_error.Rd:19: unexpected section header '\examples'
prepare_Rd: standard_error.Rd:22: unexpected END_OF_INPUT '
'
checkRd: (5) standard_error.Rd:0-23: Must have a \description
* checking Rd metadata ... OK
* checking Rd line widths ... OK
* checking Rd cross-references ... OK
* checking for missing documentation entries ... OK
* checking for code/documentation mismatches ... OK
* checking Rd \usage sections ... OK
* checking Rd contents ... OK
* checking for unstated dependencies in examples ... OK
* checking examples ... OK
* checking for non-standard things in the check directory ... OK
* checking for detritus in the temp directory ... OK
* DONE
Status: 2 WARNINGs, 2 NOTEs
